Begin date/time is: Thu Apr 07 15:10:32 2016
 	used time is 0 s 0 ms.

__  2__  9__ 14__19 -->|| 39

__  2__ 15__ 10__ 12__ 14__19 -->|| 37

__  2__ 15__ 18__3 -->|| 18

__  2__3 -->|| 20

-------Result-Listed-Below--------

__  3__  0__13 -->|| 29

__  3__  0__  8__  6__17 -->|| 36

__  3__  0__  8__ 12__ 14__19 -->|| 62

__  3__  0__19 -->|| 15

__  3__  0__  4__5 -->|| 39

__  3__11 -->|| 12

__  3__5 -->|| 20

-------Result-Listed-Below--------

__  5__  8__  6__17 -->|| 23

__  5__  8__ 12__ 14__19 -->|| 49

__  5__  9__ 14__19 -->|| 34

__  5__  6__17 -->|| 6

__  5__7 -->|| 20

__  5__19 -->|| 20

-------Result-Listed-Below--------

__  7__13 -->|| 1

__  7__ 16__  8__  6__17 -->|| 25

__  7__ 16__  8__ 12__ 14__19 -->|| 51

__  7__11 -->|| 20

-------Result-Listed-Below--------

__ 11__7 -->|| 12

__ 11__  4__  1__  0__13 -->|| 41

__ 11__  4__  1__  0__  8__  6__17 -->|| 48

__ 11__  4__  1__  0__  8__ 12__ 14__19 -->|| 74

__ 11__  4__  1__  0__19 -->|| 27

__ 11__  4__5 -->|| 24

__ 11__13 -->|| 20

__ 11__19 -->|| 20

-------Result-Listed-Below--------

__ 13__17 -->|| 12

__ 13__  4__  1__  0__13 -->|| 36

__ 13__  4__  1__  0__  8__  6__17 -->|| 43

__ 13__  4__  1__  0__  8__ 12__ 14__19 -->|| 69

__ 13__  4__  1__  0__19 -->|| 22

__ 13__  4__5 -->|| 19

-------Result-Listed-Below--------

__ 17__  9__ 14__19 -->|| 34

__ 17__19 -->|| 3

__ 17__ 18__ 15__ 10__ 12__ 14__19 -->|| 47

__ 17__ 18__3 -->|| 18

__ 17__11 -->|| 20

__ 17__5 -->|| 20

-------Result-Listed-Below--------

--num_of_points--->20,94

--num_of_demand--->8,40

--countall = 41

_____     139____

_____      99____

_____      90____

_____      71____
__ 1__ 0__ 2__ 5__ 4__ 6__ 3__ 7

-----------selecting
  1000000     37     18  1000000  1000000  1000000  1000000  1000000  1000000  1000000  1000000  1000000  1000000  1000000  1000000  1000000  1000000  1000000  1000000  1000000  1000000  1000000  1000000  1000000  1000000  1000000  1000000  1000000  1000000  1000000  1000000  1000000  1000000  1000000  1000000  1000000  1000000  1000000  1000000  1000000  1000000  1000000  1000000  1000000  1000000  1000000  1000000  1000000  1000000  1000000  1000000  1000000
      0  1000000  1000000  1000000  1000000  1000000  1000000  1000000  1000000  1000000  1000000  1000000  1000000  1000000  1000000  1000000  1000000  1000000  1000000  1000000  1000000  1000000  1000000  1000000  1000000  1000000  1000000  1000000  1000000  1000000  1000000  1000000  1000000  1000000  1000000  1000000  1000000  1000000  1000000  1000000  1000000  1000000  1000000  1000000  1000000  1000000  1000000  1000000  1000000  1000000  1000000  1000000
  1000000     15  1000000     20  1000000     12     29     36  1000000  1000000  1000000  1000000  1000000  1000000  1000000  1000000  1000000  1000000  1000000  1000000  1000000  1000000  1000000  1000000  1000000  1000000  1000000  1000000  1000000  1000000  1000000  1000000  1000000  1000000  1000000  1000000  1000000  1000000  1000000  1000000  1000000  1000000  1000000  1000000  1000000  1000000  1000000  1000000  1000000  1000000  1000000  1000000
  1000000     20  1000000  1000000     20  1000000  1000000      6  1000000  1000000  1000000  1000000  1000000  1000000  1000000  1000000  1000000  1000000  1000000  1000000  1000000  1000000  1000000  1000000  1000000  1000000  1000000  1000000  1000000  1000000  1000000  1000000  1000000  1000000  1000000  1000000  1000000  1000000  1000000  1000000  1000000  1000000  1000000  1000000  1000000  1000000  1000000  1000000  1000000  1000000  1000000  1000000
  1000000     51  1000000  1000000  1000000     20      1     25  1000000  1000000  1000000  1000000  1000000  1000000  1000000  1000000  1000000  1000000  1000000  1000000  1000000  1000000  1000000  1000000  1000000  1000000  1000000  1000000  1000000  1000000  1000000  1000000  1000000  1000000  1000000  1000000  1000000  1000000  1000000  1000000  1000000  1000000  1000000  1000000  1000000  1000000  1000000  1000000  1000000  1000000  1000000  1000000
  1000000     20  1000000     24     12  1000000     20     48  1000000  1000000  1000000  1000000  1000000  1000000  1000000  1000000  1000000  1000000  1000000  1000000  1000000  1000000  1000000  1000000  1000000  1000000  1000000  1000000  1000000  1000000  1000000  1000000  1000000  1000000  1000000  1000000  1000000  1000000  1000000  1000000  1000000  1000000  1000000  1000000  1000000  1000000  1000000  1000000  1000000  1000000  1000000  1000000
  1000000     22  1000000     19  1000000  1000000     36     12  1000000  1000000  1000000  1000000  1000000  1000000  1000000  1000000  1000000  1000000  1000000  1000000  1000000  1000000  1000000  1000000  1000000  1000000  1000000  1000000  1000000  1000000  1000000  1000000  1000000  1000000  1000000  1000000  1000000  1000000  1000000  1000000  1000000  1000000  1000000  1000000  1000000  1000000  1000000  1000000  1000000  1000000  1000000  1000000
  1000000      3     18     20  1000000     20  1000000  1000000  1000000  1000000  1000000  1000000  1000000  1000000  1000000  1000000  1000000  1000000  1000000  1000000  1000000  1000000  1000000  1000000  1000000  1000000  1000000  1000000  1000000  1000000  1000000  1000000  1000000  1000000  1000000  1000000  1000000  1000000  1000000  1000000  1000000  1000000  1000000  1000000  1000000  1000000  1000000  1000000  1000000  1000000  1000000  1000000
  1000000  1000000  1000000  1000000  1000000  1000000  1000000  1000000  1000000  1000000  1000000  1000000  1000000  1000000  1000000  1000000  1000000  1000000  1000000  1000000  1000000  1000000  1000000  1000000  1000000  1000000  1000000  1000000  1000000  1000000  1000000  1000000  1000000  1000000  1000000  1000000  1000000  1000000  1000000  1000000  1000000  1000000  1000000  1000000  1000000  1000000  1000000  1000000  1000000  1000000  1000000  1000000
  1000000  1000000  1000000  1000000  1000000  1000000  1000000  1000000  1000000  1000000  1000000  1000000  1000000  1000000  1000000  1000000  1000000  1000000  1000000  1000000  1000000  1000000  1000000  1000000  1000000  1000000  1000000  1000000  1000000  1000000  1000000  1000000  1000000  1000000  1000000  1000000  1000000  1000000  1000000  1000000  1000000  1000000  1000000  1000000  1000000  1000000  1000000  1000000  1000000  1000000  1000000  1000000
  1000000  1000000  1000000  1000000  1000000  1000000  1000000  1000000  1000000  1000000  1000000  1000000  1000000  1000000  1000000  1000000  1000000  1000000  1000000  1000000  1000000  1000000  1000000  1000000  1000000  1000000  1000000  1000000  1000000  1000000  1000000  1000000  1000000  1000000  1000000  1000000  1000000  1000000  1000000  1000000  1000000  1000000  1000000  1000000  1000000  1000000  1000000  1000000  1000000  1000000  1000000  1000000
  1000000  1000000  1000000  1000000  1000000  1000000  1000000  1000000  1000000  1000000  1000000  1000000  1000000  1000000  1000000  1000000  1000000  1000000  1000000  1000000  1000000  1000000  1000000  1000000  1000000  1000000  1000000  1000000  1000000  1000000  1000000  1000000  1000000  1000000  1000000  1000000  1000000  1000000  1000000  1000000  1000000  1000000  1000000  1000000  1000000  1000000  1000000  1000000  1000000  1000000  1000000  1000000
  1000000  1000000  1000000  1000000  1000000  1000000  1000000  1000000  1000000  1000000  1000000  1000000  1000000  1000000  1000000  1000000  1000000  1000000  1000000  1000000  1000000  1000000  1000000  1000000  1000000  1000000  1000000  1000000  1000000  1000000  1000000  1000000  1000000  1000000  1000000  1000000  1000000  1000000  1000000  1000000  1000000  1000000  1000000  1000000  1000000  1000000  1000000  1000000  1000000  1000000  1000000  1000000
  1000000  1000000  1000000  1000000  1000000  1000000  1000000  1000000  1000000  1000000  1000000  1000000  1000000  1000000  1000000  1000000  1000000  1000000  1000000  1000000  1000000  1000000  1000000  1000000  1000000  1000000  1000000  1000000  1000000  1000000  1000000  1000000  1000000  1000000  1000000  1000000  1000000  1000000  1000000  1000000  1000000  1000000  1000000  1000000  1000000  1000000  1000000  1000000  1000000  1000000  1000000  1000000
  1000000  1000000  1000000  1000000  1000000  1000000  1000000  1000000  1000000  1000000  1000000  1000000  1000000  1000000  1000000  1000000  1000000  1000000  1000000  1000000  1000000  1000000  1000000  1000000  1000000  1000000  1000000  1000000  1000000  1000000  1000000  1000000  1000000  1000000  1000000  1000000  1000000  1000000  1000000  1000000  1000000  1000000  1000000  1000000  1000000  1000000  1000000  1000000  1000000  1000000  1000000  1000000
  1000000  1000000  1000000  1000000  1000000  1000000  1000000  1000000  1000000  1000000  1000000  1000000  1000000  1000000  1000000  1000000  1000000  1000000  1000000  1000000  1000000  1000000  1000000  1000000  1000000  1000000  1000000  1000000  1000000  1000000  1000000  1000000  1000000  1000000  1000000  1000000  1000000  1000000  1000000  1000000  1000000  1000000  1000000  1000000  1000000  1000000  1000000  1000000  1000000  1000000  1000000  1000000
  1000000  1000000  1000000  1000000  1000000  1000000  1000000  1000000  1000000  1000000  1000000  1000000  1000000  1000000  1000000  1000000  1000000  1000000  1000000  1000000  1000000  1000000  1000000  1000000  1000000  1000000  1000000  1000000  1000000  1000000  1000000  1000000  1000000  1000000  1000000  1000000  1000000  1000000  1000000  1000000  1000000  1000000  1000000  1000000  1000000  1000000  1000000  1000000  1000000  1000000  1000000  1000000
  1000000  1000000  1000000  1000000  1000000  1000000  1000000  1000000  1000000  1000000  1000000  1000000  1000000  1000000  1000000  1000000  1000000  1000000  1000000  1000000  1000000  1000000  1000000  1000000  1000000  1000000  1000000  1000000  1000000  1000000  1000000  1000000  1000000  1000000  1000000  1000000  1000000  1000000  1000000  1000000  1000000  1000000  1000000  1000000  1000000  1000000  1000000  1000000  1000000  1000000  1000000  1000000
  1000000  1000000  1000000  1000000  1000000  1000000  1000000  1000000  1000000  1000000  1000000  1000000  1000000  1000000  1000000  1000000  1000000  1000000  1000000  1000000  1000000  1000000  1000000  1000000  1000000  1000000  1000000  1000000  1000000  1000000  1000000  1000000  1000000  1000000  1000000  1000000  1000000  1000000  1000000  1000000  1000000  1000000  1000000  1000000  1000000  1000000  1000000  1000000  1000000  1000000  1000000  1000000
  1000000  1000000  1000000  1000000  1000000  1000000  1000000  1000000  1000000  1000000  1000000  1000000  1000000  1000000  1000000  1000000  1000000  1000000  1000000  1000000  1000000  1000000  1000000  1000000  1000000  1000000  1000000  1000000  1000000  1000000  1000000  1000000  1000000  1000000  1000000  1000000  1000000  1000000  1000000  1000000  1000000  1000000  1000000  1000000  1000000  1000000  1000000  1000000  1000000  1000000  1000000  1000000
  1000000  1000000  1000000  1000000  1000000  1000000  1000000  1000000  1000000  1000000  1000000  1000000  1000000  1000000  1000000  1000000  1000000  1000000  1000000  1000000  1000000  1000000  1000000  1000000  1000000  1000000  1000000  1000000  1000000  1000000  1000000  1000000  1000000  1000000  1000000  1000000  1000000  1000000  1000000  1000000  1000000  1000000  1000000  1000000  1000000  1000000  1000000  1000000  1000000  1000000  1000000  1000000
  1000000  1000000  1000000  1000000  1000000  1000000  1000000  1000000  1000000  1000000  1000000  1000000  1000000  1000000  1000000  1000000  1000000  1000000  1000000  1000000  1000000  1000000  1000000  1000000  1000000  1000000  1000000  1000000  1000000  1000000  1000000  1000000  1000000  1000000  1000000  1000000  1000000  1000000  1000000  1000000  1000000  1000000  1000000  1000000  1000000  1000000  1000000  1000000  1000000  1000000  1000000  1000000
  1000000  1000000  1000000  1000000  1000000  1000000  1000000  1000000  1000000  1000000  1000000  1000000  1000000  1000000  1000000  1000000  1000000  1000000  1000000  1000000  1000000  1000000  1000000  1000000  1000000  1000000  1000000  1000000  1000000  1000000  1000000  1000000  1000000  1000000  1000000  1000000  1000000  1000000  1000000  1000000  1000000  1000000  1000000  1000000  1000000  1000000  1000000  1000000  1000000  1000000  1000000  1000000
  1000000  1000000  1000000  1000000  1000000  1000000  1000000  1000000  1000000  1000000  1000000  1000000  1000000  1000000  1000000  1000000  1000000  1000000  1000000  1000000  1000000  1000000  1000000  1000000  1000000  1000000  1000000  1000000  1000000  1000000  1000000  1000000  1000000  1000000  1000000  1000000  1000000  1000000  1000000  1000000  1000000  1000000  1000000  1000000  1000000  1000000  1000000  1000000  1000000  1000000  1000000  1000000
  1000000  1000000  1000000  1000000  1000000  1000000  1000000  1000000  1000000  1000000  1000000  1000000  1000000  1000000  1000000  1000000  1000000  1000000  1000000  1000000  1000000  1000000  1000000  1000000  1000000  1000000  1000000  1000000  1000000  1000000  1000000  1000000  1000000  1000000  1000000  1000000  1000000  1000000  1000000  1000000  1000000  1000000  1000000  1000000  1000000  1000000  1000000  1000000  1000000  1000000  1000000  1000000
  1000000  1000000  1000000  1000000  1000000  1000000  1000000  1000000  1000000  1000000  1000000  1000000  1000000  1000000  1000000  1000000  1000000  1000000  1000000  1000000  1000000  1000000  1000000  1000000  1000000  1000000  1000000  1000000  1000000  1000000  1000000  1000000  1000000  1000000  1000000  1000000  1000000  1000000  1000000  1000000  1000000  1000000  1000000  1000000  1000000  1000000  1000000  1000000  1000000  1000000  1000000  1000000
  1000000  1000000  1000000  1000000  1000000  1000000  1000000  1000000  1000000  1000000  1000000  1000000  1000000  1000000  1000000  1000000  1000000  1000000  1000000  1000000  1000000  1000000  1000000  1000000  1000000  1000000  1000000  1000000  1000000  1000000  1000000  1000000  1000000  1000000  1000000  1000000  1000000  1000000  1000000  1000000  1000000  1000000  1000000  1000000  1000000  1000000  1000000  1000000  1000000  1000000  1000000  1000000
  1000000  1000000  1000000  1000000  1000000  1000000  1000000  1000000  1000000  1000000  1000000  1000000  1000000  1000000  1000000  1000000  1000000  1000000  1000000  1000000  1000000  1000000  1000000  1000000  1000000  1000000  1000000  1000000  1000000  1000000  1000000  1000000  1000000  1000000  1000000  1000000  1000000  1000000  1000000  1000000  1000000  1000000  1000000  1000000  1000000  1000000  1000000  1000000  1000000  1000000  1000000  1000000
  1000000  1000000  1000000  1000000  1000000  1000000  1000000  1000000  1000000  1000000  1000000  1000000  1000000  1000000  1000000  1000000  1000000  1000000  1000000  1000000  1000000  1000000  1000000  1000000  1000000  1000000  1000000  1000000  1000000  1000000  1000000  1000000  1000000  1000000  1000000  1000000  1000000  1000000  1000000  1000000  1000000  1000000  1000000  1000000  1000000  1000000  1000000  1000000  1000000  1000000  1000000  1000000
  1000000  1000000  1000000  1000000  1000000  1000000  1000000  1000000  1000000  1000000  1000000  1000000  1000000  1000000  1000000  1000000  1000000  1000000  1000000  1000000  1000000  1000000  1000000  1000000  1000000  1000000  1000000  1000000  1000000  1000000  1000000  1000000  1000000  1000000  1000000  1000000  1000000  1000000  1000000  1000000  1000000  1000000  1000000  1000000  1000000  1000000  1000000  1000000  1000000  1000000  1000000  1000000
  1000000  1000000  1000000  1000000  1000000  1000000  1000000  1000000  1000000  1000000  1000000  1000000  1000000  1000000  1000000  1000000  1000000  1000000  1000000  1000000  1000000  1000000  1000000  1000000  1000000  1000000  1000000  1000000  1000000  1000000  1000000  1000000  1000000  1000000  1000000  1000000  1000000  1000000  1000000  1000000  1000000  1000000  1000000  1000000  1000000  1000000  1000000  1000000  1000000  1000000  1000000  1000000
  1000000  1000000  1000000  1000000  1000000  1000000  1000000  1000000  1000000  1000000  1000000  1000000  1000000  1000000  1000000  1000000  1000000  1000000  1000000  1000000  1000000  1000000  1000000  1000000  1000000  1000000  1000000  1000000  1000000  1000000  1000000  1000000  1000000  1000000  1000000  1000000  1000000  1000000  1000000  1000000  1000000  1000000  1000000  1000000  1000000  1000000  1000000  1000000  1000000  1000000  1000000  1000000
  1000000  1000000  1000000  1000000  1000000  1000000  1000000  1000000  1000000  1000000  1000000  1000000  1000000  1000000  1000000  1000000  1000000  1000000  1000000  1000000  1000000  1000000  1000000  1000000  1000000  1000000  1000000  1000000  1000000  1000000  1000000  1000000  1000000  1000000  1000000  1000000  1000000  1000000  1000000  1000000  1000000  1000000  1000000  1000000  1000000  1000000  1000000  1000000  1000000  1000000  1000000  1000000
  1000000  1000000  1000000  1000000  1000000  1000000  1000000  1000000  1000000  1000000  1000000  1000000  1000000  1000000  1000000  1000000  1000000  1000000  1000000  1000000  1000000  1000000  1000000  1000000  1000000  1000000  1000000  1000000  1000000  1000000  1000000  1000000  1000000  1000000  1000000  1000000  1000000  1000000  1000000  1000000  1000000  1000000  1000000  1000000  1000000  1000000  1000000  1000000  1000000  1000000  1000000  1000000
  1000000  1000000  1000000  1000000  1000000  1000000  1000000  1000000  1000000  1000000  1000000  1000000  1000000  1000000  1000000  1000000  1000000  1000000  1000000  1000000  1000000  1000000  1000000  1000000  1000000  1000000  1000000  1000000  1000000  1000000  1000000  1000000  1000000  1000000  1000000  1000000  1000000  1000000  1000000  1000000  1000000  1000000  1000000  1000000  1000000  1000000  1000000  1000000  1000000  1000000  1000000  1000000
  1000000  1000000  1000000  1000000  1000000  1000000  1000000  1000000  1000000  1000000  1000000  1000000  1000000  1000000  1000000  1000000  1000000  1000000  1000000  1000000  1000000  1000000  1000000  1000000  1000000  1000000  1000000  1000000  1000000  1000000  1000000  1000000  1000000  1000000  1000000  1000000  1000000  1000000  1000000  1000000  1000000  1000000  1000000  1000000  1000000  1000000  1000000  1000000  1000000  1000000  1000000  1000000
  1000000  1000000  1000000  1000000  1000000  1000000  1000000  1000000  1000000  1000000  1000000  1000000  1000000  1000000  1000000  1000000  1000000  1000000  1000000  1000000  1000000  1000000  1000000  1000000  1000000  1000000  1000000  1000000  1000000  1000000  1000000  1000000  1000000  1000000  1000000  1000000  1000000  1000000  1000000  1000000  1000000  1000000  1000000  1000000  1000000  1000000  1000000  1000000  1000000  1000000  1000000  1000000
  1000000  1000000  1000000  1000000  1000000  1000000  1000000  1000000  1000000  1000000  1000000  1000000  1000000  1000000  1000000  1000000  1000000  1000000  1000000  1000000  1000000  1000000  1000000  1000000  1000000  1000000  1000000  1000000  1000000  1000000  1000000  1000000  1000000  1000000  1000000  1000000  1000000  1000000  1000000  1000000  1000000  1000000  1000000  1000000  1000000  1000000  1000000  1000000  1000000  1000000  1000000  1000000
  1000000  1000000  1000000  1000000  1000000  1000000  1000000  1000000  1000000  1000000  1000000  1000000  1000000  1000000  1000000  1000000  1000000  1000000  1000000  1000000  1000000  1000000  1000000  1000000  1000000  1000000  1000000  1000000  1000000  1000000  1000000  1000000  1000000  1000000  1000000  1000000  1000000  1000000  1000000  1000000  1000000  1000000  1000000  1000000  1000000  1000000  1000000  1000000  1000000  1000000  1000000  1000000
  1000000  1000000  1000000  1000000  1000000  1000000  1000000  1000000  1000000  1000000  1000000  1000000  1000000  1000000  1000000  1000000  1000000  1000000  1000000  1000000  1000000  1000000  1000000  1000000  1000000  1000000  1000000  1000000  1000000  1000000  1000000  1000000  1000000  1000000  1000000  1000000  1000000  1000000  1000000  1000000  1000000  1000000  1000000  1000000  1000000  1000000  1000000  1000000  1000000  1000000  1000000  1000000
  1000000  1000000  1000000  1000000  1000000  1000000  1000000  1000000  1000000  1000000  1000000  1000000  1000000  1000000  1000000  1000000  1000000  1000000  1000000  1000000  1000000  1000000  1000000  1000000  1000000  1000000  1000000  1000000  1000000  1000000  1000000  1000000  1000000  1000000  1000000  1000000  1000000  1000000  1000000  1000000  1000000  1000000  1000000  1000000  1000000  1000000  1000000  1000000  1000000  1000000  1000000  1000000
  1000000  1000000  1000000  1000000  1000000  1000000  1000000  1000000  1000000  1000000  1000000  1000000  1000000  1000000  1000000  1000000  1000000  1000000  1000000  1000000  1000000  1000000  1000000  1000000  1000000  1000000  1000000  1000000  1000000  1000000  1000000  1000000  1000000  1000000  1000000  1000000  1000000  1000000  1000000  1000000  1000000  1000000  1000000  1000000  1000000  1000000  1000000  1000000  1000000  1000000  1000000  1000000
  1000000  1000000  1000000  1000000  1000000  1000000  1000000  1000000  1000000  1000000  1000000  1000000  1000000  1000000  1000000  1000000  1000000  1000000  1000000  1000000  1000000  1000000  1000000  1000000  1000000  1000000  1000000  1000000  1000000  1000000  1000000  1000000  1000000  1000000  1000000  1000000  1000000  1000000  1000000  1000000  1000000  1000000  1000000  1000000  1000000  1000000  1000000  1000000  1000000  1000000  1000000  1000000
  1000000  1000000  1000000  1000000  1000000  1000000  1000000  1000000  1000000  1000000  1000000  1000000  1000000  1000000  1000000  1000000  1000000  1000000  1000000  1000000  1000000  1000000  1000000  1000000  1000000  1000000  1000000  1000000  1000000  1000000  1000000  1000000  1000000  1000000  1000000  1000000  1000000  1000000  1000000  1000000  1000000  1000000  1000000  1000000  1000000  1000000  1000000  1000000  1000000  1000000  1000000  1000000
  1000000  1000000  1000000  1000000  1000000  1000000  1000000  1000000  1000000  1000000  1000000  1000000  1000000  1000000  1000000  1000000  1000000  1000000  1000000  1000000  1000000  1000000  1000000  1000000  1000000  1000000  1000000  1000000  1000000  1000000  1000000  1000000  1000000  1000000  1000000  1000000  1000000  1000000  1000000  1000000  1000000  1000000  1000000  1000000  1000000  1000000  1000000  1000000  1000000  1000000  1000000  1000000
  1000000  1000000  1000000  1000000  1000000  1000000  1000000  1000000  1000000  1000000  1000000  1000000  1000000  1000000  1000000  1000000  1000000  1000000  1000000  1000000  1000000  1000000  1000000  1000000  1000000  1000000  1000000  1000000  1000000  1000000  1000000  1000000  1000000  1000000  1000000  1000000  1000000  1000000  1000000  1000000  1000000  1000000  1000000  1000000  1000000  1000000  1000000  1000000  1000000  1000000  1000000  1000000
  1000000  1000000  1000000  1000000  1000000  1000000  1000000  1000000  1000000  1000000  1000000  1000000  1000000  1000000  1000000  1000000  1000000  1000000  1000000  1000000  1000000  1000000  1000000  1000000  1000000  1000000  1000000  1000000  1000000  1000000  1000000  1000000  1000000  1000000  1000000  1000000  1000000  1000000  1000000  1000000  1000000  1000000  1000000  1000000  1000000  1000000  1000000  1000000  1000000  1000000  1000000  1000000
  1000000  1000000  1000000  1000000  1000000  1000000  1000000  1000000  1000000  1000000  1000000  1000000  1000000  1000000  1000000  1000000  1000000  1000000  1000000  1000000  1000000  1000000  1000000  1000000  1000000  1000000  1000000  1000000  1000000  1000000  1000000  1000000  1000000  1000000  1000000  1000000  1000000  1000000  1000000  1000000  1000000  1000000  1000000  1000000  1000000  1000000  1000000  1000000  1000000  1000000  1000000  1000000
  1000000  1000000  1000000  1000000  1000000  1000000  1000000  1000000  1000000  1000000  1000000  1000000  1000000  1000000  1000000  1000000  1000000  1000000  1000000  1000000  1000000  1000000  1000000  1000000  1000000  1000000  1000000  1000000  1000000  1000000  1000000  1000000  1000000  1000000  1000000  1000000  1000000  1000000  1000000  1000000  1000000  1000000  1000000  1000000  1000000  1000000  1000000  1000000  1000000  1000000  1000000  1000000
  1000000  1000000  1000000  1000000  1000000  1000000  1000000  1000000  1000000  1000000  1000000  1000000  1000000  1000000  1000000  1000000  1000000  1000000  1000000  1000000  1000000  1000000  1000000  1000000  1000000  1000000  1000000  1000000  1000000  1000000  1000000  1000000  1000000  1000000  1000000  1000000  1000000  1000000  1000000  1000000  1000000  1000000  1000000  1000000  1000000  1000000  1000000  1000000  1000000  1000000  1000000  1000000
  1000000  1000000  1000000  1000000  1000000  1000000  1000000  1000000  1000000  1000000  1000000  1000000  1000000  1000000  1000000  1000000  1000000  1000000  1000000  1000000  1000000  1000000  1000000  1000000  1000000  1000000  1000000  1000000  1000000  1000000  1000000  1000000  1000000  1000000  1000000  1000000  1000000  1000000  1000000  1000000  1000000  1000000  1000000  1000000  1000000  1000000  1000000  1000000  1000000  1000000  1000000  1000000
  1000000  1000000  1000000  1000000  1000000  1000000  1000000  1000000  1000000  1000000  1000000  1000000  1000000  1000000  1000000  1000000  1000000  1000000  1000000  1000000  1000000  1000000  1000000  1000000  1000000  1000000  1000000  1000000  1000000  1000000  1000000  1000000  1000000  1000000  1000000  1000000  1000000  1000000  1000000  1000000  1000000  1000000  1000000  1000000  1000000  1000000  1000000  1000000  1000000  1000000  1000000  1000000
start at  1
( 0, 2)
( 2, 5)
( 5, 4)
( 4, 6)
( 6, 3)
( 3, 7)
( 7, 1)
End date/time is: Thu Apr 07 15:10:32 2016
 	used time is 0 s 76 ms.
